<?xml version="1.0" encoding="UTF-8"?>
<!-- Generated by org.testng.reporters.JUnitReportReporter -->
<testsuite hostname="DESKTOP-CVMD0BQ" failures="0" tests="2" name="GetRequest" time="2.624" errors="0" timestamp="2021-12-26T21:30:51 EET" skipped="0">
  <testcase classname="GetRequest" name="test1" time="2.525"/>
  <system-out/>
  <testcase classname="GetRequest" name="test2" time="0.099"/>
  <system-out/>
</testsuite> <!-- GetRequest -->
